Determining if the pthread_create exist failed with the following output:
Change Dir: /home/nvidia/GuidedFitlerOptimzation_CUDA/build/CMakeFiles/CMakeTmp

Run Build Command:"/usr/bin/make" "cmTC_07010/fast"
/usr/bin/make -f CMakeFiles/cmTC_07010.dir/build.make CMakeFiles/cmTC_07010.dir/build
make[1]: Entering directory '/home/nvidia/GuidedFitlerOptimzation_CUDA/build/CMakeFiles/CMakeTmp'
Building C object CMakeFiles/cmTC_07010.dir/CheckSymbolExists.c.o
/usr/bin/cc   -fPIC    -o CMakeFiles/cmTC_07010.dir/CheckSymbolExists.c.o   -c /home/nvidia/GuidedFitlerOptimzation_CUDA/build/CMakeFiles/CMakeTmp/CheckSymbolExists.c
Linking C executable cmTC_07010
/usr/bin/cmake-3.10.3/bin/cmake -E cmake_link_script CMakeFiles/cmTC_07010.dir/link.txt --verbose=1
/usr/bin/cc -fPIC     -rdynamic CMakeFiles/cmTC_07010.dir/CheckSymbolExists.c.o  -o cmTC_07010 
CMakeFiles/cmTC_07010.dir/CheckSymbolExists.c.o: In function `main':
CheckSymbolExists.c:(.text+0x14): undefined reference to `pthread_create'
CheckSymbolExists.c:(.text+0x18): undefined reference to `pthread_create'
collect2: error: ld returned 1 exit status
CMakeFiles/cmTC_07010.dir/build.make:97: recipe for target 'cmTC_07010' failed
make[1]: *** [cmTC_07010] Error 1
make[1]: Leaving directory '/home/nvidia/GuidedFitlerOptimzation_CUDA/build/CMakeFiles/CMakeTmp'
Makefile:126: recipe for target 'cmTC_07010/fast' failed
make: *** [cmTC_07010/fast] Error 2

File /home/nvidia/GuidedFitlerOptimzation_CUDA/build/CMakeFiles/CMakeTmp/CheckSymbolExists.c:
/* */
#include <pthread.h>

int main(int argc, char** argv)
{
  (void)argv;
#ifndef pthread_create
  return ((int*)(&pthread_create))[argc];
#else
  (void)argc;
  return 0;
#endif
}

Determining if the function pthread_create exists in the pthreads failed with the following output:
Change Dir: /home/nvidia/GuidedFitlerOptimzation_CUDA/build/CMakeFiles/CMakeTmp

Run Build Command:"/usr/bin/make" "cmTC_94812/fast"
/usr/bin/make -f CMakeFiles/cmTC_94812.dir/build.make CMakeFiles/cmTC_94812.dir/build
make[1]: Entering directory '/home/nvidia/GuidedFitlerOptimzation_CUDA/build/CMakeFiles/CMakeTmp'
Building C object CMakeFiles/cmTC_94812.dir/CheckFunctionExists.c.o
/usr/bin/cc   -fPIC -DCHECK_FUNCTION_EXISTS=pthread_create   -o CMakeFiles/cmTC_94812.dir/CheckFunctionExists.c.o   -c /usr/bin/cmake-3.10.3/share/cmake-3.10/Modules/CheckFunctionExists.c
Linking C executable cmTC_94812
/usr/bin/cmake-3.10.3/bin/cmake -E cmake_link_script CMakeFiles/cmTC_94812.dir/link.txt --verbose=1
/usr/bin/cc -fPIC -DCHECK_FUNCTION_EXISTS=pthread_create    -rdynamic CMakeFiles/cmTC_94812.dir/CheckFunctionExists.c.o  -o cmTC_94812 -lpthreads 
/usr/bin/ld: cannot find -lpthreads
collect2: error: ld returned 1 exit status
CMakeFiles/cmTC_94812.dir/build.make:97: recipe for target 'cmTC_94812' failed
make[1]: *** [cmTC_94812] Error 1
make[1]: Leaving directory '/home/nvidia/GuidedFitlerOptimzation_CUDA/build/CMakeFiles/CMakeTmp'
Makefile:126: recipe for target 'cmTC_94812/fast' failed
make: *** [cmTC_94812/fast] Error 2


