Determining if the pthread_create exist failed with the following output:
Change Dir: /home/nvidia/SuperVehicle1.2/SSCA/build/CMakeFiles/CMakeTmp

Run Build Command:"/usr/bin/make" "cmTC_2dd5d/fast"
/usr/bin/make -f CMakeFiles/cmTC_2dd5d.dir/build.make CMakeFiles/cmTC_2dd5d.dir/build
make[1]: Entering directory '/home/nvidia/SuperVehicle1.2/SSCA/build/CMakeFiles/CMakeTmp'
Building C object CMakeFiles/cmTC_2dd5d.dir/CheckSymbolExists.c.o
/usr/bin/cc   -fPIC    -o CMakeFiles/cmTC_2dd5d.dir/CheckSymbolExists.c.o   -c /home/nvidia/SuperVehicle1.2/SSCA/build/CMakeFiles/CMakeTmp/CheckSymbolExists.c
Linking C executable cmTC_2dd5d
/usr/bin/cmake-3.10.3/bin/cmake -E cmake_link_script CMakeFiles/cmTC_2dd5d.dir/link.txt --verbose=1
/usr/bin/cc -fPIC      -rdynamic CMakeFiles/cmTC_2dd5d.dir/CheckSymbolExists.c.o  -o cmTC_2dd5d 
CMakeFiles/cmTC_2dd5d.dir/CheckSymbolExists.c.o: In function `main':
CheckSymbolExists.c:(.text+0x14): undefined reference to `pthread_create'
CheckSymbolExists.c:(.text+0x18): undefined reference to `pthread_create'
collect2: error: ld returned 1 exit status
CMakeFiles/cmTC_2dd5d.dir/build.make:97: recipe for target 'cmTC_2dd5d' failed
make[1]: *** [cmTC_2dd5d] Error 1
make[1]: Leaving directory '/home/nvidia/SuperVehicle1.2/SSCA/build/CMakeFiles/CMakeTmp'
Makefile:126: recipe for target 'cmTC_2dd5d/fast' failed
make: *** [cmTC_2dd5d/fast] Error 2

File /home/nvidia/SuperVehicle1.2/SSCA/build/CMakeFiles/CMakeTmp/CheckSymbolExists.c:
/* */
#include <pthread.h>

int main(int argc, char** argv)
{
  (void)argv;
#ifndef pthread_create
  return ((int*)(&pthread_create))[argc];
#else
  (void)argc;
  return 0;
#endif
}

Determining if the function pthread_create exists in the pthreads failed with the following output:
Change Dir: /home/nvidia/SuperVehicle1.2/SSCA/build/CMakeFiles/CMakeTmp

Run Build Command:"/usr/bin/make" "cmTC_0c70d/fast"
/usr/bin/make -f CMakeFiles/cmTC_0c70d.dir/build.make CMakeFiles/cmTC_0c70d.dir/build
make[1]: Entering directory '/home/nvidia/SuperVehicle1.2/SSCA/build/CMakeFiles/CMakeTmp'
Building C object CMakeFiles/cmTC_0c70d.dir/CheckFunctionExists.c.o
/usr/bin/cc   -fPIC -DCHECK_FUNCTION_EXISTS=pthread_create   -o CMakeFiles/cmTC_0c70d.dir/CheckFunctionExists.c.o   -c /usr/bin/cmake-3.10.3/share/cmake-3.10/Modules/CheckFunctionExists.c
Linking C executable cmTC_0c70d
/usr/bin/cmake-3.10.3/bin/cmake -E cmake_link_script CMakeFiles/cmTC_0c70d.dir/link.txt --verbose=1
/usr/bin/cc -fPIC -DCHECK_FUNCTION_EXISTS=pthread_create     -rdynamic CMakeFiles/cmTC_0c70d.dir/CheckFunctionExists.c.o  -o cmTC_0c70d -lpthreads 
/usr/bin/ld: cannot find -lpthreads
collect2: error: ld returned 1 exit status
CMakeFiles/cmTC_0c70d.dir/build.make:97: recipe for target 'cmTC_0c70d' failed
make[1]: *** [cmTC_0c70d] Error 1
make[1]: Leaving directory '/home/nvidia/SuperVehicle1.2/SSCA/build/CMakeFiles/CMakeTmp'
Makefile:126: recipe for target 'cmTC_0c70d/fast' failed
make: *** [cmTC_0c70d/fast] Error 2


